2021-03-13 12:36:53.626 [main] INFO  Calculator - [calculating exponentiation], given base, exp are : 5.0, 8.0
2021-03-13 12:36:53.631 [main] INFO  Calculator - the result is: 390625.0
2021-03-13 12:36:59.353 [main] INFO  Calculator - [calculating square root], given num is: 58.0
2021-03-13 12:36:59.354 [main] INFO  Calculator - the square root is: 7.615773105863909
2021-03-13 12:36:59.354 [main] INFO  Calculator - square root of 58.0 is: 7.615773105863909
2021-03-13 12:36:59.355 [main] INFO  Calculator - [calculating square root], given num is: 58.0
2021-03-13 12:36:59.355 [main] INFO  Calculator - the square root is: 7.615773105863909
2021-03-13 12:37:03.292 [main] INFO  Calculator - [calculating square root], given num is: 5.0
2021-03-13 12:37:03.292 [main] INFO  Calculator - the square root is: 2.23606797749979
2021-03-13 12:37:03.292 [main] INFO  Calculator - square root of 5.0 is: 2.23606797749979
2021-03-13 12:37:03.293 [main] INFO  Calculator - [calculating square root], given num is: 5.0
2021-03-13 12:37:03.293 [main] INFO  Calculator - the square root is: 2.23606797749979
2021-03-13 12:37:06.196 [main] INFO  Calculator - [calculating square root], given num is: 8.0
2021-03-13 12:37:06.197 [main] INFO  Calculator - the square root is: 2.8284271247461903
2021-03-13 12:37:06.198 [main] INFO  Calculator - square root of 8.0 is: 2.8284271247461903
2021-03-13 12:37:06.198 [main] INFO  Calculator - [calculating square root], given num is: 8.0
2021-03-13 12:37:06.198 [main] INFO  Calculator - the square root is: 2.8284271247461903
2021-03-13 12:37:11.987 [main] INFO  Calculator - [calculating factorial], given num is : 8
2021-03-13 12:37:11.987 [main] INFO  Calculator - [calculating factorial], given num is : 7
2021-03-13 12:37:11.988 [main] INFO  Calculator - [calculating factorial], given num is : 6
2021-03-13 12:37:11.988 [main] INFO  Calculator - [calculating factorial], given num is : 5
2021-03-13 12:37:11.989 [main] INFO  Calculator - [calculating factorial], given num is : 4
2021-03-13 12:37:11.989 [main] INFO  Calculator - [calculating factorial], given num is : 3
2021-03-13 12:37:11.990 [main] INFO  Calculator - [calculating factorial], given num is : 2
2021-03-13 12:37:11.990 [main] INFO  Calculator - [calculating factorial], given num is : 1
2021-03-13 12:37:11.991 [main] INFO  Calculator - [calculating factorial], given num is : 0
2021-03-13 12:37:14.596 [main] INFO  Calculator - [calculating factorial], given num is : 6
2021-03-13 12:37:14.597 [main] INFO  Calculator - [calculating factorial], given num is : 5
2021-03-13 12:37:14.598 [main] INFO  Calculator - [calculating factorial], given num is : 4
2021-03-13 12:37:14.598 [main] INFO  Calculator - [calculating factorial], given num is : 3
2021-03-13 12:37:14.599 [main] INFO  Calculator - [calculating factorial], given num is : 2
2021-03-13 12:37:14.600 [main] INFO  Calculator - [calculating factorial], given num is : 1
2021-03-13 12:37:14.600 [main] INFO  Calculator - [calculating factorial], given num is : 0
2021-03-13 12:37:22.015 [main] INFO  Calculator - [calculating factorial], given num is : 7
2021-03-13 12:37:22.016 [main] INFO  Calculator - [calculating factorial], given num is : 6
2021-03-13 12:37:22.017 [main] INFO  Calculator - [calculating factorial], given num is : 5
2021-03-13 12:37:22.017 [main] INFO  Calculator - [calculating factorial], given num is : 4
2021-03-13 12:37:22.018 [main] INFO  Calculator - [calculating factorial], given num is : 3
2021-03-13 12:37:22.018 [main] INFO  Calculator - [calculating factorial], given num is : 2
2021-03-13 12:37:22.020 [main] INFO  Calculator - [calculating factorial], given num is : 1
2021-03-13 12:37:22.020 [main] INFO  Calculator - [calculating factorial], given num is : 0
2021-03-13 12:37:26.311 [main] INFO  Calculator - calculating natural logarithm
2021-03-13 12:37:43.856 [main] INFO  Calculator - [calculating natural logarithm], given num is : 8.0
2021-03-13 12:37:43.857 [main] INFO  Calculator - the natural log result is: 2.0794415416798357
2021-03-13 12:37:45.705 [main] INFO  Calculator - calculating natural logarithm
2021-03-13 12:37:48.528 [main] INFO  Calculator - [calculating natural logarithm], given num is : 9.0
2021-03-13 12:37:48.528 [main] INFO  Calculator - the natural log result is: 2.1972245773362196
2021-03-13 12:37:50.826 [main] INFO  Calculator - calculating natural logarithm
2021-03-13 12:37:53.395 [main] INFO  Calculator - [calculating natural logarithm], given num is : 7.0
2021-03-13 12:37:53.396 [main] INFO  Calculator - the natural log result is: 1.9459101490553132
2021-03-13 12:38:00.064 [main] INFO  Calculator - [calculating exponentiation], given base, exp are : 6.0, 8.0
2021-03-13 12:38:00.065 [main] INFO  Calculator - the result is: 1679616.0
2021-03-13 12:38:06.466 [main] INFO  Calculator - [calculating exponentiation], given base, exp are : 5.0, 6.0
2021-03-13 12:38:06.467 [main] INFO  Calculator - the result is: 15625.0
2021-03-13 12:38:11.696 [main] INFO  Calculator - [calculating exponentiation], given base, exp are : 9.0, 2.0
2021-03-13 12:38:11.697 [main] INFO  Calculator - the result is: 81.0
2021-03-13 12:38:21.149 [main] INFO  Calculator - [calculating exponentiation], given base, exp are : 3.0, 1.0
2021-03-13 12:38:21.150 [main] INFO  Calculator - the result is: 3.0
2021-03-13 12:38:28.361 [main] INFO  Calculator - [calculating exponentiation], given base, exp are : 5.0, 7.0
2021-03-13 12:38:28.362 [main] INFO  Calculator - the result is: 78125.0
